-- Catapult Ultra Synthesis: Report                                              
-- ------------------------- ---------------------------------------------------
-- Version:                  2023.2/1059873 Production Release                   
-- Build Date:               Mon Aug  7 10:54:31 PDT 2023                        
                                                                                 
-- Generated by:             r12016@cad40                                        
-- Generated date:           Sun Apr 07 21:12:46 CST 2024                        

Solution Settings: EdgeDetect_IP::EdgeDetect_Top.v2
  Current state: extract
  Project: Catapult_2

Design Input Files Specified
  $PROJECT_HOME/../hls_c_my/inc/EdgeDetect.h
    $PROJECT_HOME/../hls_c_my/inc/EdgeDetect_defs.h
      $MGC_HOME/shared/include/ac_int.h
      $MGC_HOME/shared/include/ac_fixed.h
      $MGC_HOME/shared/include/ac_channel.h
      $MGC_HOME/shared/include/ac_math/ac_sqrt_pwl.h
        $MGC_HOME/shared/include/ac_float.h
        $MGC_HOME/shared/include/ac_complex.h
        $MGC_HOME/shared/include/ac_math/ac_shift.h
        $MGC_HOME/shared/include/ac_math/ac_normalize.h
      $MGC_HOME/shared/include/ac_math/ac_atan2_cordic.h
    $PROJECT_HOME/../hls_c_my/inc/EdgeDetect_VerDer.h
      $MGC_HOME/shared/include/mc_scverify.h
    $PROJECT_HOME/../hls_c_my/inc/EdgeDetect_HorDer.h
      $MGC_HOME/shared/include/mc_scverify.h
    $PROJECT_HOME/../hls_c_my/inc/EdgeDetect_MagAng.h
      $MGC_HOME/shared/include/mc_scverify.h
  $PROJECT_HOME/../hls_c_my/src/EdgeDetect_tb.cpp
  $PROJECT_HOME/../bmpUtil/src/bmp_io.cpp

Processes/Blocks in Design
  Process Real Operation(s) count Latency Throughput Reset Length II Comments 
  ------- ----------------------- ------- ---------- ------------ -- --------
  
Bill Of Materials (Datapath)
  Component Name                      Area Score Delay Post Alloc Post Assign 
  ----------------------------------- ---------- ----- ---------- -----------
  [Lib: Catapult_2]                                                           
  EdgeDetect_IP::EdgeDetect_HorDer.v1   1778.002 0.000          0           1 
  EdgeDetect_IP::EdgeDetect_MagAng.v1   3698.400 0.000          0           1 
  EdgeDetect_IP::EdgeDetect_VerDer.v1   2814.372 0.000          0           1 
  [Lib: ccs_ioport]                                                           
  ccs_pipe(29,36,1,2,1,1,0,0,1)          661.930 0.000          0           1 
                                                                              
  TOTAL AREA (After Assignment):        8952.704                              
  
Area Scores
                    Post-Scheduling   Post-DP & FSM Post-Assignment 
  ----------------- --------------- --------------- ---------------
  Total Area Score:   5632.2          8971.5          8952.7        
  Total Reg:          2980.0  (53%)   3504.6  (39%)   3504.6  (39%) 
                                                                    
  DataPath:           5632.2 (100%)   8890.5  (99%)   8870.1  (99%) 
    MUX:              1034.7  (18%)   2274.4  (26%)   1646.5  (19%) 
    FUNC:             1585.2  (28%)   2224.2  (25%)   1910.6  (22%) 
    LOGIC:              32.3   (1%)    961.3  (11%)   1882.4  (21%) 
    BUFFER:              0.0             0.0             0.0        
    MEM:                 0.0             0.0             0.0        
    ROM:                 0.0             0.0             0.0        
    REG:              2980.0  (53%)   3430.6  (39%)   3430.6  (39%) 
                                                                    
  
  FSM:                   0.0            81.0   (1%)     82.6   (1%) 
    FSM-REG:             0.0            74.0  (91%)     74.0  (90%) 
    FSM-COMB:            0.0             7.0   (9%)      8.6  (10%) 
                                                                    
  
  
  (MUX = multiplexers; FUNC = datapath logic (e.g. add/mult); LOGIC = control logic)

Register-to-Variable Mappings
  Register Size(bits) Gated Register CG Opt Done Variables                                             
  -------- ---------- -------------- ----------- -----------------------------------------------------
                                                                                                       
  Total:            0              0           0 (Total Gating Ratio: 0.00, CG Opt Gating Ratio: 0.00) 
  
Timing Report
  Critical Path
    Max Delay:  2.39959
    Slack:      7.60041
    
    Path                                                                       Startpoint                                                                Endpoint                                              Delay  Slack                     
    -------------------------------------------------------------------------- ------------------------------------------------------------------------- ----------------------------------------------------- ------ ------ ------------------
    1                                                                          EdgeDetect_IP::EdgeDetect_Top/MagAng_inst                                 EdgeDetect_IP::EdgeDetect_Top/crc32_dat_out:rsc.zout  2.3996 7.6004                    
                                                                                                                                                                                                                                                
      Instance                                                                 Component                                                                                                                       Delta  Delay  [MIN, MAX]         
      --------                                                                 ---------                                                                                                                       -----  -----  ------------------ 
      EdgeDetect_IP::EdgeDetect_Top/MagAng_inst                                EdgeDetect_IP::EdgeDetect_MagAng(clk=>crc32_dat_out:rsc.zout)                                                                   2.3996 2.3996                    
      EdgeDetect_IP::EdgeDetect_Top/crc32_dat_out:rsc.zout:-:MagAng_inst                                                                                                                                       0.0000 2.3996                    
      EdgeDetect_IP::EdgeDetect_Top/crc32_dat_out:asn(crc32_dat_out:rsc.zout)                                                                                                                                  0.0000 2.3996                    
      EdgeDetect_IP::EdgeDetect_Top/crc32_dat_out:rsc.zout                                                                                                                                                     0.0000 2.3996                    
                                                                                                                                                                                                                                                
    2                                                                          EdgeDetect_IP::EdgeDetect_Top/HorDer_inst                                 EdgeDetect_IP::EdgeDetect_Top/crc32_dat_out:rsc.zout  2.3996 7.6004                    
                                                                                                                                                                                                                                                
      Instance                                                                 Component                                                                                                                       Delta  Delay  [MIN, MAX]         
      --------                                                                 ---------                                                                                                                       -----  -----  ------------------ 
      EdgeDetect_IP::EdgeDetect_Top/HorDer_inst                                EdgeDetect_IP::EdgeDetect_HorDer(clk=>dx_chan:rsc.dat)                                                                          0.1060 0.1060                    
      EdgeDetect_IP::EdgeDetect_Top/dx_chan:rsc.dat:-:HorDer_inst                                                                                                                                              0.0000 0.1060                    
      EdgeDetect_IP::EdgeDetect_Top/MagAng_inst                                EdgeDetect_IP::EdgeDetect_MagAng(dx_chan:rsc.dat=>crc32_dat_out:rsc.zout)                                                       2.2936 2.3996                    
      EdgeDetect_IP::EdgeDetect_Top/crc32_dat_out:rsc.zout:-:MagAng_inst                                                                                                                                       0.0000 2.3996                    
      EdgeDetect_IP::EdgeDetect_Top/crc32_dat_out:asn(crc32_dat_out:rsc.zout)                                                                                                                                  0.0000 2.3996                    
      EdgeDetect_IP::EdgeDetect_Top/crc32_dat_out:rsc.zout                                                                                                                                                     0.0000 2.3996                    
                                                                                                                                                                                                                                                
    3                                                                          EdgeDetect_IP::EdgeDetect_Top/dy_chan:cns.pipe                            EdgeDetect_IP::EdgeDetect_Top/crc32_dat_out:rsc.zout  2.2660 7.7340                    
                                                                                                                                                                                                                                                
      Instance                                                                 Component                                                                                                                       Delta  Delay  [MIN, MAX]         
      --------                                                                 ---------                                                                                                                       -----  -----  ------------------ 
      EdgeDetect_IP::EdgeDetect_Top/dy_chan:cns.pipe                           ccs_pipe_v6_29_36_1_2_1_1_0_0_1(clk=>dout)                                                                                      0.0000 0.0000                    
      EdgeDetect_IP::EdgeDetect_Top/dy_chan:rsc.dat:-:MagAng_inst                                                                                                                                              0.0000 0.0000                    
      EdgeDetect_IP::EdgeDetect_Top/MagAng_inst                                EdgeDetect_IP::EdgeDetect_MagAng(dy_chan:rsc.dat=>crc32_dat_out:rsc.zout)                                                       2.2660 2.2660                    
      EdgeDetect_IP::EdgeDetect_Top/crc32_dat_out:rsc.zout:-:MagAng_inst                                                                                                                                       0.0000 2.2660                    
      EdgeDetect_IP::EdgeDetect_Top/crc32_dat_out:asn(crc32_dat_out:rsc.zout)                                                                                                                                  0.0000 2.2660                    
      EdgeDetect_IP::EdgeDetect_Top/crc32_dat_out:rsc.zout                                                                                                                                                     0.0000 2.2660                    
                                                                                                                                                                                                                                                
    4                                                                          EdgeDetect_IP::EdgeDetect_Top/clk                                         EdgeDetect_IP::EdgeDetect_Top/HorDer_inst             1.6177 8.3823                    
                                                                                                                                                                                                                                                
      Instance                                                                 Component                                                                                                                       Delta  Delay  [MIN, MAX]         
      --------                                                                 ---------                                                                                                                       -----  -----  ------------------ 
      EdgeDetect_IP::EdgeDetect_Top/clk                                                                                                                                                                        0.0000 0.0000                    
      EdgeDetect_IP::EdgeDetect_Top/HorDer_inst                                EdgeDetect_IP::EdgeDetect_HorDer                                                                                                1.6177 1.6177                    
                                                                                                                                                                                                                                                
    5                                                                          EdgeDetect_IP::EdgeDetect_Top/MagAng_inst                                 EdgeDetect_IP::EdgeDetect_Top/crc32_dat_out:rsc.lzout 1.5091 8.4909                    
                                                                                                                                                                                                                                                
      Instance                                                                 Component                                                                                                                       Delta  Delay  [MIN, MAX]         
      --------                                                                 ---------                                                                                                                       -----  -----  ------------------ 
      EdgeDetect_IP::EdgeDetect_Top/MagAng_inst                                EdgeDetect_IP::EdgeDetect_MagAng(clk=>crc32_dat_out:rsc.lzout)                                                                  1.5091 1.5091                    
      EdgeDetect_IP::EdgeDetect_Top/crc32_dat_out:rsc.lzout:-:MagAng_inst.bud                                                                                                                                  0.0000 1.5091                    
      EdgeDetect_IP::EdgeDetect_Top/crc32_dat_out:asn(crc32_dat_out:rsc.lzout)                                                                                                                                 0.0000 1.5091                    
      EdgeDetect_IP::EdgeDetect_Top/crc32_dat_out:rsc.lzout                                                                                                                                                    0.0000 1.5091                    
                                                                                                                                                                                                                                                
    6                                                                          EdgeDetect_IP::EdgeDetect_Top/MagAng_inst                                 EdgeDetect_IP::EdgeDetect_Top/crc32_pix_in:rsc.lzout  1.5091 8.4909                    
                                                                                                                                                                                                                                                
      Instance                                                                 Component                                                                                                                       Delta  Delay  [MIN, MAX]         
      --------                                                                 ---------                                                                                                                       -----  -----  ------------------ 
      EdgeDetect_IP::EdgeDetect_Top/MagAng_inst                                EdgeDetect_IP::EdgeDetect_MagAng(clk=>crc32_pix_in:rsc.lzout)                                                                   1.5091 1.5091                    
      EdgeDetect_IP::EdgeDetect_Top/crc32_pix_in:rsc.lzout:-:MagAng_inst.bud                                                                                                                                   0.0000 1.5091                    
      EdgeDetect_IP::EdgeDetect_Top/crc32_pix_in:asn(crc32_pix_in:rsc.lzout)                                                                                                                                   0.0000 1.5091                    
      EdgeDetect_IP::EdgeDetect_Top/crc32_pix_in:rsc.lzout                                                                                                                                                     0.0000 1.5091                    
                                                                                                                                                                                                                                                
    7                                                                          EdgeDetect_IP::EdgeDetect_Top/widthIn                                     EdgeDetect_IP::EdgeDetect_Top/crc32_dat_out:rsc.lzout 1.5091 8.4909                    
                                                                                                                                                                                                                                                
      Instance                                                                 Component                                                                                                                       Delta  Delay  [MIN, MAX]         
      --------                                                                 ---------                                                                                                                       -----  -----  ------------------ 
      EdgeDetect_IP::EdgeDetect_Top/widthIn                                                                                                                                                                    0.0000 0.0000                    
      EdgeDetect_IP::EdgeDetect_Top/MagAng_inst                                EdgeDetect_IP::EdgeDetect_MagAng(widthIn=>crc32_dat_out:rsc.lzout)                                                              1.5091 1.5091                    
      EdgeDetect_IP::EdgeDetect_Top/crc32_dat_out:rsc.lzout:-:MagAng_inst.bud                                                                                                                                  0.0000 1.5091                    
      EdgeDetect_IP::EdgeDetect_Top/crc32_dat_out:asn(crc32_dat_out:rsc.lzout)                                                                                                                                 0.0000 1.5091                    
      EdgeDetect_IP::EdgeDetect_Top/crc32_dat_out:rsc.lzout                                                                                                                                                    0.0000 1.5091                    
                                                                                                                                                                                                                                                
    8                                                                          EdgeDetect_IP::EdgeDetect_Top/heightIn                                    EdgeDetect_IP::EdgeDetect_Top/crc32_dat_out:rsc.lzout 1.5091 8.4909                    
                                                                                                                                                                                                                                                
      Instance                                                                 Component                                                                                                                       Delta  Delay  [MIN, MAX]         
      --------                                                                 ---------                                                                                                                       -----  -----  ------------------ 
      EdgeDetect_IP::EdgeDetect_Top/heightIn                                                                                                                                                                   0.0000 0.0000                    
      EdgeDetect_IP::EdgeDetect_Top/MagAng_inst                                EdgeDetect_IP::EdgeDetect_MagAng(heightIn=>crc32_dat_out:rsc.lzout)                                                             1.5091 1.5091                    
      EdgeDetect_IP::EdgeDetect_Top/crc32_dat_out:rsc.lzout:-:MagAng_inst.bud                                                                                                                                  0.0000 1.5091                    
      EdgeDetect_IP::EdgeDetect_Top/crc32_dat_out:asn(crc32_dat_out:rsc.lzout)                                                                                                                                 0.0000 1.5091                    
      EdgeDetect_IP::EdgeDetect_Top/crc32_dat_out:rsc.lzout                                                                                                                                                    0.0000 1.5091                    
                                                                                                                                                                                                                                                
    9                                                                          EdgeDetect_IP::EdgeDetect_Top/widthIn                                     EdgeDetect_IP::EdgeDetect_Top/crc32_pix_in:rsc.lzout  1.5091 8.4909                    
                                                                                                                                                                                                                                                
      Instance                                                                 Component                                                                                                                       Delta  Delay  [MIN, MAX]         
      --------                                                                 ---------                                                                                                                       -----  -----  ------------------ 
      EdgeDetect_IP::EdgeDetect_Top/widthIn                                                                                                                                                                    0.0000 0.0000                    
      EdgeDetect_IP::EdgeDetect_Top/MagAng_inst                                EdgeDetect_IP::EdgeDetect_MagAng(widthIn=>crc32_pix_in:rsc.lzout)                                                               1.5091 1.5091                    
      EdgeDetect_IP::EdgeDetect_Top/crc32_pix_in:rsc.lzout:-:MagAng_inst.bud                                                                                                                                   0.0000 1.5091                    
      EdgeDetect_IP::EdgeDetect_Top/crc32_pix_in:asn(crc32_pix_in:rsc.lzout)                                                                                                                                   0.0000 1.5091                    
      EdgeDetect_IP::EdgeDetect_Top/crc32_pix_in:rsc.lzout                                                                                                                                                     0.0000 1.5091                    
                                                                                                                                                                                                                                                
    10                                                                         EdgeDetect_IP::EdgeDetect_Top/heightIn                                    EdgeDetect_IP::EdgeDetect_Top/crc32_pix_in:rsc.lzout  1.5091 8.4909                    
                                                                                                                                                                                                                                                
      Instance                                                                 Component                                                                                                                       Delta  Delay  [MIN, MAX]         
      --------                                                                 ---------                                                                                                                       -----  -----  ------------------ 
      EdgeDetect_IP::EdgeDetect_Top/heightIn                                                                                                                                                                   0.0000 0.0000                    
      EdgeDetect_IP::EdgeDetect_Top/MagAng_inst                                EdgeDetect_IP::EdgeDetect_MagAng(heightIn=>crc32_pix_in:rsc.lzout)                                                              1.5091 1.5091                    
      EdgeDetect_IP::EdgeDetect_Top/crc32_pix_in:rsc.lzout:-:MagAng_inst.bud                                                                                                                                   0.0000 1.5091                    
      EdgeDetect_IP::EdgeDetect_Top/crc32_pix_in:asn(crc32_pix_in:rsc.lzout)                                                                                                                                   0.0000 1.5091                    
      EdgeDetect_IP::EdgeDetect_Top/crc32_pix_in:rsc.lzout                                                                                                                                                     0.0000 1.5091                    
                                                                                                                                                                                                                                                
    
  Register Input and Register-to-Output Slack
    Clock period or pin-to-reg delay constraint (clk): 10.0
    Clock uncertainty constraint (clk)               : 0.0
    
    Instance                      Port                     Slack (Delay) Messages 
    ----------------------------- ----------------------- ------ ------- --------
    EdgeDetect_IP::EdgeDetect_Top crc32_pix_in:rsc.zout   8.7184  1.2816          
    EdgeDetect_IP::EdgeDetect_Top crc32_pix_in:rsc.lzout  8.4909  1.5091          
    EdgeDetect_IP::EdgeDetect_Top crc32_pix_in.triosy.lz  9.7775  0.2225          
    EdgeDetect_IP::EdgeDetect_Top crc32_dat_out:rsc.zout  7.6004  2.3996          
    EdgeDetect_IP::EdgeDetect_Top crc32_dat_out:rsc.lzout 8.4909  1.5091          
    EdgeDetect_IP::EdgeDetect_Top crc32_dat_out.triosy.lz 9.7775  0.2225          
    EdgeDetect_IP::EdgeDetect_Top dat_in:rsc.rdy          9.4241  0.5759          
    EdgeDetect_IP::EdgeDetect_Top dat_out:rsc.dat         9.8940  0.1060          
    EdgeDetect_IP::EdgeDetect_Top dat_out:rsc.vld         9.7775  0.2225          
    EdgeDetect_IP::EdgeDetect_Top line_buf0:rsc.en        9.4241  0.5759          
    EdgeDetect_IP::EdgeDetect_Top line_buf0:rsc.we        9.8103  0.1897          
    EdgeDetect_IP::EdgeDetect_Top line_buf0:rsc.d         9.3102  0.6898          
    EdgeDetect_IP::EdgeDetect_Top line_buf0:rsc.adr       9.8940  0.1060          
    EdgeDetect_IP::EdgeDetect_Top line_buf1:rsc.en        9.4241  0.5759          
    EdgeDetect_IP::EdgeDetect_Top line_buf1:rsc.we        9.8103  0.1897          
    EdgeDetect_IP::EdgeDetect_Top line_buf1:rsc.d         9.5314  0.4686          
    EdgeDetect_IP::EdgeDetect_Top line_buf1:rsc.adr       9.8940  0.1060          
    
Operator Bitwidth Summary
  Operation   Size (bits) Count 
  ----------- ----------- -----
  chsize_port                   
  -                     1     1 
  
End of Report
